<?xml version="1.0" encoding="UTF-8"?>
<!-- Generated by org.testng.reporters.JUnitReportReporter -->
<testsuite hostname="QT-INBG-LT1149" failures="0" tests="1" name="mobileworld.Orderby" time="6.028" errors="0" timestamp="2022-09-19T10:28:29 IST" skipped="0">
  <testcase classname="mobileworld.Orderby" name="order" time="6.028"/>
  <system-out/>
</testsuite> <!-- mobileworld.Orderby -->
