<?xml version="1.0" encoding="UTF-8"?>
<!-- Generated by org.testng.reporters.JUnitReportReporter -->
<testsuite hostname="QT-INBG-LT1149" failures="0" tests="1" name="mobileworld.signin" time="4.347" errors="0" timestamp="2022-09-16T10:19:38 IST" skipped="0">
  <testcase classname="mobileworld.signin" name="register" time="4.347"/>
  <system-out/>
</testsuite> <!-- mobileworld.signin -->
