<?xml version="1.0" encoding="UTF-8"?>
<!-- Generated by org.testng.reporters.JUnitReportReporter -->
<testsuite hostname="QT-INBG-LT1149" failures="0" tests="1" name="mobileworld.signup" time="9.216" errors="0" timestamp="2022-09-16T10:19:58 IST" skipped="0">
  <testcase classname="mobileworld.signup" name="register" time="9.216"/>
  <system-out/>
</testsuite> <!-- mobileworld.signup -->
