<?xml version="1.0" encoding="UTF-8"?>
<!-- Generated by org.testng.reporters.JUnitReportReporter -->
<testsuite hostname="QT-INBG-LT1149" failures="0" tests="1" name="order.NewTest" time="5.844" errors="0" timestamp="2022-09-19T11:22:36 IST" skipped="0">
  <testcase classname="order.NewTest" name="order1" time="5.844"/>
  <system-out/>
</testsuite> <!-- order.NewTest -->
